2025-08-23 22:15:27,499 - INFO - API startup successful - all required files found
2025-08-23 22:15:39,763 - INFO - === NEW REQUEST RECEIVED ===
2025-08-23 22:15:39,764 - INFO - comfyui_url: https://0b19323147381.notebooks.jarvislabs.net/
2025-08-23 22:15:39,764 - INFO - images_zip filename: input_images copy.zip
2025-08-23 22:15:39,764 - INFO - masks_zip filename: masks copy.zip
2025-08-23 22:15:39,764 - INFO - prompts_json filename: Prompts copy.json
2025-08-23 22:15:39,764 - INFO - Creating temporary directories...
2025-08-23 22:15:39,765 - INFO - Temp dir: /var/folders/c1/ldxrmn552j738t4qrsd_czr40000gn/T/tmpdjjxhj4e
2025-08-23 22:15:39,765 - INFO - Input dir: /var/folders/c1/ldxrmn552j738t4qrsd_czr40000gn/T/tmpdjjxhj4e/input_images
2025-08-23 22:15:39,765 - INFO - Masks dir: /var/folders/c1/ldxrmn552j738t4qrsd_czr40000gn/T/tmpdjjxhj4e/masks
2025-08-23 22:15:39,765 - INFO - Output dir: /var/folders/c1/ldxrmn552j738t4qrsd_czr40000gn/T/tmpdjjxhj4e/output
2025-08-23 22:15:39,766 - INFO - Temporary directories created successfully
2025-08-23 22:15:39,766 - INFO - Starting ZIP extraction...
2025-08-23 22:15:39,766 - INFO - Attempting to extract images ZIP: input_images copy.zip
2025-08-23 22:15:39,766 - INFO - === ZIP EXTRACTION START ===
2025-08-23 22:15:39,766 - INFO - Filename: input_images copy.zip
2025-08-23 22:15:39,766 - INFO - Content type: application/zip
2025-08-23 22:15:39,766 - INFO - File size: 9540777
2025-08-23 22:15:39,766 - INFO - Reading file content...
2025-08-23 22:15:39,768 - INFO - Content read successfully. Size: 9540777 bytes
2025-08-23 22:15:39,768 - INFO - Creating BytesIO object...
2025-08-23 22:15:39,768 - INFO - BytesIO object created successfully
2025-08-23 22:15:39,768 - INFO - Validating ZIP format...
2025-08-23 22:15:39,769 - INFO - ZIP format validation passed
2025-08-23 22:15:39,769 - INFO - File pointer reset to beginning
2025-08-23 22:15:39,769 - INFO - Opening ZIP file...
2025-08-23 22:15:39,770 - INFO - ZIP file opened. Number of files: 10
2025-08-23 22:15:39,770 - INFO - ZIP file list: ['input_images copy/', '__MACOSX/._input_images copy', 'input_images copy/.DS_Store', '__MACOSX/input_images copy/._.DS_Store', 'input_images copy/6292393310444/', '__MACOSX/input_images copy/._6292393310444', 'input_images copy/6292393310444/6292393310444_0002.jpg', '__MACOSX/input_images copy/6292393310444/._6292393310444_0002.jpg', 'input_images copy/6292393310444/closeup(1).jpg', '__MACOSX/input_images copy/6292393310444/._closeup(1).jpg']...
2025-08-23 22:15:39,770 - INFO - Testing ZIP integrity...
2025-08-23 22:15:39,790 - INFO - ZIP integrity test passed
2025-08-23 22:15:39,791 - INFO - Extracting to: /var/folders/c1/ldxrmn552j738t4qrsd_czr40000gn/T/tmpdjjxhj4e/input_images
2025-08-23 22:15:39,816 - INFO - Successfully extracted input_images copy.zip to /var/folders/c1/ldxrmn552j738t4qrsd_czr40000gn/T/tmpdjjxhj4e/input_images
2025-08-23 22:15:39,816 - INFO - Extracted files: ['input_images copy', '__MACOSX']
2025-08-23 22:15:39,816 - INFO - === ZIP EXTRACTION COMPLETED SUCCESSFULLY ===
2025-08-23 22:15:39,816 - INFO - Images ZIP extracted successfully to: /var/folders/c1/ldxrmn552j738t4qrsd_czr40000gn/T/tmpdjjxhj4e/input_images
2025-08-23 22:15:39,816 - INFO - Attempting to extract masks ZIP: masks copy.zip
2025-08-23 22:15:39,816 - INFO - === ZIP EXTRACTION START ===
2025-08-23 22:15:39,816 - INFO - Filename: masks copy.zip
2025-08-23 22:15:39,816 - INFO - Content type: application/zip
2025-08-23 22:15:39,816 - INFO - File size: 179063
2025-08-23 22:15:39,817 - INFO - Reading file content...
2025-08-23 22:15:39,817 - INFO - Content read successfully. Size: 179063 bytes
2025-08-23 22:15:39,817 - INFO - Creating BytesIO object...
2025-08-23 22:15:39,817 - INFO - BytesIO object created successfully
2025-08-23 22:15:39,817 - INFO - Validating ZIP format...
2025-08-23 22:15:39,817 - INFO - ZIP format validation passed
2025-08-23 22:15:39,817 - INFO - File pointer reset to beginning
2025-08-23 22:15:39,817 - INFO - Opening ZIP file...
2025-08-23 22:15:39,817 - INFO - ZIP file opened. Number of files: 10
2025-08-23 22:15:39,817 - INFO - ZIP file list: ['masks copy/', '__MACOSX/._masks copy', 'masks copy/.DS_Store', '__MACOSX/masks copy/._.DS_Store', 'masks copy/6292393310444/', '__MACOSX/masks copy/._6292393310444', 'masks copy/6292393310444/6292393310444_0002.jpg', '__MACOSX/masks copy/6292393310444/._6292393310444_0002.jpg', 'masks copy/6292393310444/closeup(1).jpg', '__MACOSX/masks copy/6292393310444/._closeup(1).jpg']...
2025-08-23 22:15:39,817 - INFO - Testing ZIP integrity...
2025-08-23 22:15:39,818 - INFO - ZIP integrity test passed
2025-08-23 22:15:39,818 - INFO - Extracting to: /var/folders/c1/ldxrmn552j738t4qrsd_czr40000gn/T/tmpdjjxhj4e/masks
2025-08-23 22:15:39,822 - INFO - Successfully extracted masks copy.zip to /var/folders/c1/ldxrmn552j738t4qrsd_czr40000gn/T/tmpdjjxhj4e/masks
2025-08-23 22:15:39,822 - INFO - Extracted files: ['masks copy', '__MACOSX']
2025-08-23 22:15:39,822 - INFO - === ZIP EXTRACTION COMPLETED SUCCESSFULLY ===
2025-08-23 22:15:39,822 - INFO - Masks ZIP extracted successfully to: /var/folders/c1/ldxrmn552j738t4qrsd_czr40000gn/T/tmpdjjxhj4e/masks
2025-08-23 22:15:39,822 - INFO - Reading and validating prompts JSON...
2025-08-23 22:15:39,822 - INFO - Prompts JSON content length: 1189 bytes
2025-08-23 22:15:39,822 - INFO - Prompts JSON parsed successfully. Number of products: 1
2025-08-23 22:15:39,822 - INFO - Product IDs: ['6292393310444']
2025-08-23 22:15:39,822 - INFO - Loading workflow configuration...
2025-08-23 22:15:39,823 - INFO - Workflow configuration loaded successfully
2025-08-23 22:15:39,823 - INFO - Starting synchronous image processing...
2025-08-23 22:15:39,823 - INFO - ComfyUI URL: https://0b19323147381.notebooks.jarvislabs.net/
2025-08-23 22:15:39,823 - INFO - Input directory contents: ['input_images copy', '__MACOSX']
2025-08-23 22:15:39,824 - INFO - Masks directory contents: ['masks copy', '__MACOSX']
2025-08-23 22:15:39,827 - ERROR - Unexpected error in process_images endpoint: 'SYNC_PROCESSING'
2025-08-23 22:15:39,827 - ERROR - Error type: KeyError
2025-08-23 22:15:39,828 - ERROR - Traceback: Traceback (most recent call last):
  File "/Users/apple/Desktop/Final Workflow n8n/api.py", line 388, in process_images_api
    processing_tasks[task_id]["status"] = "processing"
KeyError: 'SYNC_PROCESSING'

During handling of the above exception, another exception occurred:

Traceback (most recent call last):
  File "/Users/apple/Desktop/Final Workflow n8n/api.py", line 643, in process_images
    process_images_api(
  File "/Users/apple/Desktop/Final Workflow n8n/api.py", line 557, in process_images_api
    processing_tasks[task_id]["status"] = "error"
KeyError: 'SYNC_PROCESSING'

